TN:
SF:src\app.js
FN:37,(anonymous_0)
FNF:1
FNH:1
FNDA:1,(anonymous_0)
DA:1,1
DA:2,1
DA:3,1
DA:4,1
DA:5,1
DA:6,1
DA:8,1
DA:11,1
DA:14,1
DA:34,1
DA:35,1
DA:37,1
DA:38,1
DA:41,1
LF:14
LH:14
BRF:0
BRH:0
end_of_record
TN:
SF:src\entity\Qrcode.js
FN:4,(anonymous_0)
FN:14,(anonymous_1)
FN:21,(anonymous_2)
FNF:3
FNH:3
FNDA:4,(anonymous_0)
FNDA:3,(anonymous_1)
FNDA:2,(anonymous_2)
DA:1,1
DA:5,4
DA:6,4
DA:7,4
DA:8,4
DA:9,4
DA:10,4
DA:15,3
DA:16,1
DA:22,2
DA:23,2
DA:27,1
LF:12
LH:12
BRDA:4,0,0,2
BRDA:4,1,0,2
BRDA:4,2,0,3
BRDA:4,3,0,2
BRDA:10,4,0,4
BRDA:10,4,1,2
BRDA:10,4,2,2
BRDA:15,5,0,1
BRDA:15,5,1,2
BRF:9
BRH:9
end_of_record
TN:
SF:src\js\generate-qrcode.js
FN:5,(anonymous_0)
FNF:1
FNH:1
FNDA:1,(anonymous_0)
DA:1,1
DA:2,1
DA:3,1
DA:5,1
DA:6,1
DA:8,1
DA:11,1
DA:14,1
DA:16,1
DA:18,1
DA:21,1
DA:24,1
DA:25,1
DA:28,1
DA:32,1
DA:35,1
DA:37,1
DA:39,0
DA:40,0
DA:44,1
LF:20
LH:18
BRDA:16,0,0,1
BRDA:16,0,1,0
BRDA:32,1,0,1
BRDA:32,1,1,0
BRF:4
BRH:2
end_of_record
TN:
SF:src\js\utils.js
FN:3,(anonymous_0)
FN:13,(anonymous_1)
FNF:2
FNH:2
FNDA:1,(anonymous_0)
FNDA:1,(anonymous_1)
DA:1,1
DA:3,1
DA:4,1
DA:6,1
DA:9,1
DA:10,1
DA:13,1
DA:14,1
DA:15,0
DA:16,0
DA:20,0
DA:21,0
DA:24,1
LF:13
LH:9
BRDA:14,0,0,0
BRDA:14,0,1,1
BRF:2
BRH:1
end_of_record
TN:
SF:src\routes\generate-file.js
FN:54,(anonymous_0)
FNF:1
FNH:1
FNDA:1,(anonymous_0)
DA:1,1
DA:2,1
DA:3,1
DA:4,1
DA:54,1
DA:57,1
DA:59,1
DA:61,1
DA:64,1
DA:66,0
DA:67,0
DA:71,1
LF:12
LH:10
BRF:0
BRH:0
end_of_record
