TN:
SF:app.js
FN:47,(anonymous_0)
FNF:1
FNH:1
FNDA:1,(anonymous_0)
DA:1,1
DA:2,1
DA:3,1
DA:4,1
DA:5,1
DA:6,1
DA:7,1
DA:8,1
DA:10,1
DA:13,1
DA:14,1
DA:15,1
DA:18,1
DA:44,1
DA:45,1
DA:47,1
DA:48,1
DA:51,1
LF:18
LH:18
BRF:0
BRH:0
end_of_record
TN:
SF:entity\Qrcode.js
FN:4,(anonymous_0)
FN:14,(anonymous_1)
FN:21,(anonymous_2)
FNF:3
FNH:3
FNDA:5,(anonymous_0)
FNDA:4,(anonymous_1)
FNDA:1,(anonymous_2)
DA:1,1
DA:5,5
DA:6,5
DA:7,5
DA:8,5
DA:9,5
DA:10,5
DA:15,4
DA:16,0
DA:22,1
DA:23,1
DA:27,1
LF:12
LH:11
BRDA:4,0,0,4
BRDA:4,1,0,4
BRDA:4,2,0,1
BRDA:4,3,0,2
BRDA:10,4,0,5
BRDA:10,4,1,2
BRDA:10,4,2,0
BRDA:15,5,0,0
BRDA:15,5,1,4
BRF:9
BRH:7
end_of_record
TN:
SF:entity\betfriends.js
FN:4,(anonymous_0)
FN:22,(anonymous_1)
FN:47,(anonymous_2)
FNF:3
FNH:3
FNDA:4,(anonymous_0)
FNDA:3,(anonymous_1)
FNDA:2,(anonymous_2)
DA:1,1
DA:5,4
DA:14,4
DA:15,4
DA:16,4
DA:17,4
DA:18,4
DA:23,3
DA:25,3
DA:26,1
DA:29,2
DA:30,0
DA:33,2
DA:34,0
DA:37,2
DA:38,0
DA:41,2
DA:42,0
DA:48,2
DA:49,2
DA:53,1
LF:21
LH:17
BRDA:4,0,0,1
BRDA:25,1,0,1
BRDA:25,1,1,2
BRDA:29,2,0,0
BRDA:29,2,1,2
BRDA:33,3,0,0
BRDA:33,3,1,2
BRDA:37,4,0,0
BRDA:37,4,1,2
BRDA:41,5,0,0
BRDA:41,5,1,2
BRF:11
BRH:7
end_of_record
TN:
SF:entity\meetinghub.js
FN:2,(anonymous_0)
FN:11,(anonymous_1)
FN:33,(anonymous_2)
FN:38,(anonymous_3)
FNF:4
FNH:4
FNDA:4,(anonymous_0)
FNDA:2,(anonymous_1)
FNDA:1,(anonymous_2)
FNDA:1,(anonymous_3)
DA:3,4
DA:4,4
DA:5,4
DA:6,4
DA:7,4
DA:12,2
DA:13,1
DA:16,1
DA:17,0
DA:20,1
DA:21,0
DA:24,1
DA:25,0
DA:28,1
DA:29,0
DA:34,1
DA:39,1
DA:40,1
DA:44,1
LF:19
LH:15
BRDA:12,0,0,1
BRDA:12,0,1,1
BRDA:16,1,0,0
BRDA:16,1,1,1
BRDA:20,2,0,0
BRDA:20,2,1,1
BRDA:24,3,0,0
BRDA:24,3,1,1
BRDA:28,4,0,0
BRDA:28,4,1,1
BRF:10
BRH:6
end_of_record
TN:
SF:entity\qrcode.js
FN:4,(anonymous_0)
FN:14,(anonymous_1)
FN:21,(anonymous_2)
FNF:3
FNH:3
FNDA:3,(anonymous_0)
FNDA:2,(anonymous_1)
FNDA:1,(anonymous_2)
DA:1,1
DA:5,3
DA:6,3
DA:7,3
DA:8,3
DA:9,3
DA:10,3
DA:15,2
DA:16,1
DA:22,1
DA:23,1
DA:27,1
LF:12
LH:12
BRDA:4,0,0,2
BRDA:4,1,0,2
BRDA:4,2,0,2
BRDA:4,3,0,2
BRDA:10,4,0,3
BRDA:10,4,1,2
BRDA:10,4,2,0
BRDA:15,5,0,1
BRDA:15,5,1,1
BRF:9
BRH:8
end_of_record
TN:
SF:js\generate-qrcode.js
FN:5,(anonymous_0)
FNF:1
FNH:1
FNDA:2,(anonymous_0)
DA:1,1
DA:2,1
DA:3,1
DA:5,1
DA:6,2
DA:8,2
DA:11,2
DA:14,2
DA:16,2
DA:18,2
DA:21,2
DA:24,2
DA:25,2
DA:28,2
DA:32,2
DA:35,2
DA:37,2
DA:39,0
DA:40,0
DA:44,1
LF:20
LH:18
BRDA:16,0,0,2
BRDA:16,0,1,0
BRDA:32,1,0,2
BRDA:32,1,1,0
BRF:4
BRH:2
end_of_record
TN:
SF:js\utils.js
FN:3,(anonymous_0)
FN:13,(anonymous_1)
FNF:2
FNH:2
FNDA:2,(anonymous_0)
FNDA:2,(anonymous_1)
DA:1,1
DA:3,1
DA:4,2
DA:6,2
DA:9,2
DA:10,2
DA:13,2
DA:14,2
DA:15,0
DA:16,0
DA:20,0
DA:21,0
DA:25,1
LF:13
LH:9
BRDA:14,0,0,0
BRDA:14,0,1,2
BRF:2
BRH:1
end_of_record
TN:
SF:routes\betfriends.js
FN:76,(anonymous_0)
FNF:1
FNH:1
FNDA:1,(anonymous_0)
DA:1,1
DA:2,1
DA:3,1
DA:4,1
DA:7,1
DA:76,1
DA:77,1
DA:80,1
DA:82,1
DA:84,1
DA:87,1
DA:89,0
DA:90,0
DA:94,1
LF:14
LH:12
BRF:0
BRH:0
end_of_record
TN:
SF:routes\generate-file.js
FN:55,(anonymous_0)
FNF:1
FNH:1
FNDA:1,(anonymous_0)
DA:1,1
DA:2,1
DA:3,1
DA:4,1
DA:5,1
DA:55,1
DA:58,1
DA:60,1
DA:62,1
DA:65,1
DA:67,0
DA:68,0
DA:72,1
LF:13
LH:11
BRF:0
BRH:0
end_of_record
TN:
SF:routes\meetinghub.js
FN:31,(anonymous_0)
FNF:1
FNH:0
FNDA:0,(anonymous_0)
DA:1,1
DA:2,1
DA:31,1
DA:32,0
DA:35,1
LF:5
LH:4
BRF:0
BRH:0
end_of_record
